0:100  0:100  MemLog inited, TSC freq: 2400346120
0:100  0:000  CPU was calibrated with RTC
0:100  0:000  
0:100  0:000  Now is 21.10.2018,  3:57:33 (GMT)
0:100  0:000  Starting Clover revision: 4700 on American Megatrends EFI
0:100  0:000  Build with: [Args: -D NO_GRUB_DRIVERS_EMBEDDED -t XCODE8 | -D NO_GRUB_DRIVERS_EMBEDDED -D USE_LOW_EBDA -a X64 -b RELEASE -t XCODE8 -n 5 | OS: 10.13.6 | XCODE: 9.4.1]
0:100  0:000  SelfDevicePath=PciRoot(0x0)\Pci(0x17,0x0)\Sata(0x0,0xFFFF,0x0)\HD(1,GPT,B7DB7706-8002-46BF-B7EC-1FCBF0817517,0x800,0x82000) @7BE25598
0:100  0:000  SelfDirPath = \EFI\CLOVER
0:100  0:000  === [ Get Smbios ] ========================================
0:100  0:000  Type 16 Index = 0
0:100  0:000  Total Memory Slots Count = 2
0:100  0:000  Type 17 Index = 0
0:100  0:000  SmbiosTable.Type17->Speed = 1600MHz
0:100  0:000  SmbiosTable.Type17->Size = 4096MB
0:100  0:000  SmbiosTable.Type17->Bank/Device = BANK 0 ChannelA-DIMM0
0:100  0:000  SmbiosTable.Type17->Vendor = Elpida
0:100  0:000  SmbiosTable.Type17->SerialNumber = 00000000
0:100  0:000  SmbiosTable.Type17->PartNumber =                   
0:100  0:000  Type 17 Index = 1
0:100  0:000  SmbiosTable.Type17->Speed = 1600MHz
0:100  0:000  SmbiosTable.Type17->Size = 4096MB
0:100  0:000  SmbiosTable.Type17->Bank/Device = BANK 2 ChannelB-DIMM0
0:100  0:000  SmbiosTable.Type17->Vendor = Elpida
0:100  0:000  SmbiosTable.Type17->SerialNumber = 00000000
0:100  0:000  SmbiosTable.Type17->PartNumber =                   
0:100  0:000  Boot status=0
0:100  0:000  Running on: 'UX305UAB' with board 'UX305UAB'
0:100  0:000  === [ GetCPUProperties ] ==================================
0:100  0:000  CPU Vendor = 756E6547 Model=406E3
0:100  0:000   The CPU supported SSE4.1
0:100  0:000  BrandString = Intel(R) Core(TM) i5-6200U CPU @ 2.30GHz
0:100  0:000   The CPU supported turbo
0:100  0:000  MSR 0x35               20004
0:100  0:000   TSC/CCC Information Leaf:
0:100  0:000    numerator     : 200
0:100  0:000    denominator   : 2
0:100  0:000   Calibrated ARTFrequency: 24003461
0:100  0:000  MSR 0xE2 before patch 1E008008
0:100  0:000  MSR 0xE2 is locked, PM patches will be turned on
0:100  0:000  MSR 0xCE              0004043D_F1011800
0:100  0:000  corrected FLEX_RATIO = 0
0:100  0:000  MSR 0x1B0             00000000
0:100  0:000  FSBFrequency = 92 MHz, DMI FSBFrequency = 100 MHz, Corrected FSBFrequency = 100 MHz
0:100  0:000  MaxDiv/MinDiv: 24.0/4
0:100  0:000  Turbo: 27/27/27/28
0:100  0:000  Features: 0xBFEBFBFF
0:100  0:000  Threads: 4
0:100  0:000  Cores: 2
0:100  0:000  FSB: 100 MHz
0:100  0:000  CPU: 2200 MHz
0:100  0:000  TSC: 2200 MHz
0:100  0:000  PIS: 100 MHz
0:100  0:000  ExternalClock: 25 MHz
0:100  0:000  === [ GetDevices ] ========================================
0:100  0:000  PCI (00|00:00.00) : 8086 1904 class=060000
0:100  0:000  PCI (00|00:02.00) : 8086 1916 class=030000
0:100  0:000   - GFX: Model=Intel HD Graphics 520 (Intel)
0:100  0:000  PCI (00|00:04.00) : 8086 1903 class=118000
0:100  0:000  PCI (00|00:14.00) : 8086 9D2F class=0C0330
0:100  0:000  PCI (00|00:14.02) : 8086 9D31 class=118000
0:100  0:000  PCI (00|00:15.00) : 8086 9D60 class=118000
0:100  0:000  PCI (00|00:15.01) : 8086 9D61 class=118000
0:100  0:000  PCI (00|00:16.00) : 8086 9D3A class=078000
0:100  0:000  PCI (00|00:17.00) : 8086 9D03 class=010601
0:100  0:000  PCI (00|00:1C.00) : 8086 9D10 class=060400
0:100  0:000  PCI (00|00:1C.05) : 8086 9D15 class=060400
0:100  0:000  PCI (00|02:00.00) : 8086 095A class=028000
0:100  0:000   - WIFI: Vendor=Intel
0:100  0:000  PCI (00|00:1F.00) : 8086 9D48 class=060100
0:100  0:000  PCI (00|00:1F.02) : 8086 9D21 class=058000
0:100  0:000  PCI (00|00:1F.03) : 8086 9D70 class=040300
0:100  0:000  PCI (00|00:1F.04) : 8086 9D23 class=0C0500
0:100  0:000  === [ GetDefaultSettings ] ================================
0:100  0:000  Clover load options size = 0 bytes
0:105  0:004  EFI\CLOVER\config.plist loaded: Success
0:110  0:004  === [ GetListOfThemes ] ===================================
0:110  0:000  - [00]: Mavs Style
0:111  0:000  - [01]: bluemac
0:112  0:001  - [02]: maverickslogin
0:114  0:001  - [03]: black_green
0:115  0:001  - [04]: El Capitan
0:115  0:000  - [05]: newyear
0:116  0:000  - [06]: random
0:116  0:000  - [06]: embedded
0:118  0:001  - [06]: christmas
0:119  0:001  - [07]: Mojave
0:120  0:001  === [ Found config plists ] ===============================
0:120  0:000  - config_HD520_530_540.plist
0:120  0:000  - config(no hotpatch).plist
0:120  0:000  - config1.plist
0:120  0:000  - config.plist
0:121  0:000  - config2.plist
0:121  0:000  === [ GetEarlyUserSettings ] ==============================
0:121  0:000  timeout set to 5
0:121  0:000  Custom boot CUSTOM_BOOT_DISABLED (0x0)
0:121  0:000  KextsToPatch: 2 requested
0:121  0:000   - [00]: com.apple.driver.AppleIntelLpssI2C (Prevent Apple I2C kexts from attaching to I2C controllers, credit CoolStar) :: PlistPatch :: data len: 5
0:121  0:000   - [01]: com.apple.driver.AppleIntelLpssI2CController (Prevent Apple I2C kexts from attaching to I2C controllers, credit CoolStar) :: PlistPatch :: data len: 5
0:121  0:000  KernelToPatch: 1 requested
0:121  0:000   - [00]: MSR 0xE2 _xcpm_idle instant reboot(c) Pike R. Alpha :: MatchOS: 10.12 :: data len: 8
0:121  0:000  Default theme: Mavs Style
0:121  0:000  Hiding entries with string Preboot
0:121  0:000  === [ LoadDrivers ] =======================================
0:122  0:000  Loading HFSPlus-64.efi  status=Success
0:122  0:000   - driver needs connecting
0:122  0:000  Loading NTFS-64.efi  status=Success
0:124  0:001   - driver needs connecting
0:124  0:000  Loading FSInject-64.efi  status=Success
0:125  0:000  Loading FirmwareVolume-64.efi  status=Success
0:126  0:000  Loading ApfsDriverLoader-64.efi  status=Success
0:127  0:000   - driver needs connecting
0:127  0:000  Loading AptioMemoryFix-64.efi  status=Success
0:128  0:001  Loading VirtualSmc.efi  status=Success
0:131  0:002  3 drivers needs connecting ...
0:131  0:000  PlatformDriverOverrideProtocol not found. Installing ... Success
0:131  0:000  HFS+ driver loaded
0:131  0:000  APFS driver loaded
0:131  0:000  Searching for invalid DiskIo BY_DRIVER connects: not found, all ok
0:884  0:753  === [ InitScreen ] ========================================
0:884  0:000  SetScreenResolution: 1920x1080 - already set
0:884  0:000  Console modes reported: 4, available modes:
0:884  0:000   - [01]: 80x25 (current mode)
0:884  0:000   - [02]: 80x50
0:884  0:000   - [03]: 100x31
0:884  0:000   - [04]: 240x56
0:884  0:000  SetScreenResolution: 1920x1080 - already set
0:884  0:000  reinit: self device path=PciRoot(0x0)\Pci(0x17,0x0)\Sata(0x0,0xFFFF,0x0)\HD(1,GPT,B7DB7706-8002-46BF-B7EC-1FCBF0817517,0x800,0x82000)
0:884  0:000  === [ GetMacAddress ] =====================================
0:884  0:000  === [ ScanSPD ] ===========================================
0:885  0:000  SMBus device : 8086 9D23 class=0C0500 status=Success
0:885  0:000  SMBus CmdReg: 0x3
0:885  0:000  Scanning SMBus [8086:9D23], mmio: 0xDFB32004, ioport: 0xF040, hostc: 0x11
0:885  0:000  Slots to scan [8]...
0:886  0:001  === [ GetAcpiTablesList ] =================================
0:891  0:004  Get Acpi Tables List from RSDT:
0:891  0:000   - [00]: FACP  Notebook len=132
0:891  0:000   - [01]: APIC  Notebook len=132
0:891  0:000   - [02]: FPDT  Notebook len=68
0:891  0:000   - [03]: FIDT  Notebook len=156
0:891  0:000   - [04]: MCFG  Notebook len=60
0:891  0:000   - [05]: HPET  Notebook len=56
0:891  0:000   - [06]: SSDT  SataTabl len=789
0:891  0:000   - [07]: ECDT  Notebook len=193
0:891  0:000   - [08]: LPIT  SKL-ULT len=148
0:891  0:000   - [09]: SSDT  sensrhub len=584
0:891  0:000   - [10]: DBGP   len=52
0:891  0:000   - [11]: DBG2   len=84
0:891  0:000   - [12]: SSDT  DptfTabl len=15825
0:891  0:000   - [13]: SSDT  SaSsdt  len=22595
0:891  0:000   - [14]: UEFI   len=66
0:891  0:000   - [15]: SSDT  CpuSsdt len=3699
0:891  0:000   - [16]: BGRT  Notebook len=56
0:891  0:000   - [17]: MSDM  Notebook len=85
0:891  0:000  Calibrated TSC Frequency = 2400346120 = 2400MHz
0:891  0:000  === [ GetUserSettings ] ===================================
0:891  0:000  Add 1 devices:
0:891  0:000  USB FixOwnership: yes
0:891  0:000  Dropping 1 tables:
0:891  0:000   - [00]: Drop table  signature="DMAR" (52414D44)
0:891  0:000           - set table: 52414D44,                0 to drop: no
0:891  0:000   - final DSDT Fix mask=00200004
0:891  0:000  PatchesDSDT: 24 requested
0:891  0:000   - [00]: (change _DSM to XDSM) lenToFind: 4, lenToReplace: 4, Target Bridge: <null string>
0:891  0:000   - [01]: (change HECI to IMEI) lenToFind: 4, lenToReplace: 4, Target Bridge: <null string>
0:891  0:000   - [02]: (change _OSI to XOSI, optionally pair with SSDT-XOSI.aml) lenToFind: 4, lenToReplace: 4, Target Bridge: <null string>
0:891  0:000   - [03]: (change GFX0 to IGPU, optionally pair with SSDT-IGPU.aml) lenToFind: 4, lenToReplace: 4, Target Bridge: <null string>
0:891  0:000   - [04]: (change HDAS to HDEF, optionally pair with SSDT-HDEF.aml) lenToFind: 4, lenToReplace: 4, Target Bridge: <null string>
0:891  0:000   - [05]: (change SAT0 to SATA, optionally pair with SSDT-SATA.aml) lenToFind: 4, lenToReplace: 4, Target Bridge: <null string>
0:891  0:000   - [06]: (change Method(GPRW,2,N) to XPRW, pair with SSDT-PRW.aml) lenToFind: 5, lenToReplace: 5, Target Bridge: <null string>
0:891  0:000   - [07]: (Battery: change Method(_BIX,0,N) to XBIX) lenToFind: 5, lenToReplace: 5, Target Bridge: <null string>
0:891  0:000   - [08]: (Battery: change Method(BIFA,0,N) to XIFA) lenToFind: 5, lenToReplace: 5, Target Bridge: <null string>
0:891  0:000   - [09]: (Battery: change Method(SMBR,3,N) to XMBR) lenToFind: 5, lenToReplace: 5, Target Bridge: <null string>
0:891  0:000   - [10]: (Battery: change Method(ECSB,7,N) to XCSB) lenToFind: 8, lenToReplace: 8, Target Bridge: <null string>
0:891  0:000   - [11]: (Battery: change Method(SMBW,5,N) to XMBW) lenToFind: 5, lenToReplace: 5, Target Bridge: <null string>
0:891  0:000   - [12]: (Battery: change ECOR to XCOR) lenToFind: 4, lenToReplace: 4, Target Bridge: <null string>
0:891  0:000   - [13]: (Battery: change SMBX to XMBX) lenToFind: 4, lenToReplace: 4, Target Bridge: <null string>
0:891  0:000   - [14]: (ELAN:change Method(_STA,0,NS) to XSTA) lenToFind: 7, lenToReplace: 7, Target Bridge: <null string>
0:891  0:000   - [15]: (ELAN:change Method(_CRS,0,S) to XCRS) lenToFind: 8, lenToReplace: 8, Target Bridge: <null string>
0:891  0:000   - [16]: (ATK: change Method(_Q0A,0,NS) to XQ0A) lenToFind: 5, lenToReplace: 5, Target Bridge: <null string>
0:891  0:000   - [17]: (ATK: change Method(_Q0B,0,NS) to XQ0B) lenToFind: 5, lenToReplace: 5, Target Bridge: <null string>
0:891  0:000   - [18]: (ATK: change Method(_Q0E,0,NS) to XQ0E) lenToFind: 4, lenToReplace: 4, Target Bridge: <null string>
0:891  0:000   - [19]: (ATK: change Method(_Q0F,0,NS) to XQ0F) lenToFind: 4, lenToReplace: 4, Target Bridge: <null string>
0:891  0:000   - [20]: (ATK: change Method(_QCD,0,NS) to XQCD) lenToFind: 5, lenToReplace: 5, Target Bridge: <null string>
0:891  0:000   - [21]: (ATK: change Method(_Q11,0,NS) to XQ11) lenToFind: 5, lenToReplace: 5, Target Bridge: <null string>
0:891  0:000   - [22]: (ATK: change Method(_Q76,0,NS) to XQ76) lenToFind: 5, lenToReplace: 5, Target Bridge: <null string>
0:891  0:000   - [23]: (ALS: change Method(RALS,0,S) to XALS) lenToFind: 5, lenToReplace: 5, Target Bridge: <null string>
0:891  0:000  Using ProductName from config: MacBookPro13,1
0:891  0:000  Using latest BiosVersion from clover
0:891  0:000  BiosVersion: MBP131.88Z.0223.B00.1806260754
0:891  0:000  BiosReleaseDate: 06/26/2018
0:891  0:000  Using FirmwareFeatures from config: 0xFC0FE136
0:891  0:000  Using FirmwareFeaturesMask from config: 0xFF1FFF3F
0:891  0:000  Board-ID set from config as Mac-473D31EABEB93F9B
0:891  0:000  BoardType: 0xA
0:891  0:000  ChassisType: 0x9
0:891  0:000  Converted CustomUUID B7573690-58E7-0A5B-8D41-03E9D820FE85
0:892  0:001  === [ Found DSDT tables ] =================================
1:297  0:405  === [ ScanVolumes ] =======================================
1:297  0:000  Found 12 volumes with blockIO
1:297  0:000  - [00]: Volume: PciRoot(0x0)\Pci(0x17,0x0)\Sata(0x0,0xFFFF,0x0)
1:298  0:000  - [01]: Volume: PciRoot(0x0)\Pci(0x17,0x0)\Sata(0x0,0xFFFF,0x0)\HD(1,GPT,B7DB7706-8002-46BF-B7EC-1FCBF0817517,0x800,0x82000)
1:299  0:000          Result of bootcode detection: bootable Windows (vista,win)
1:299  0:000          This is SelfVolume !!
1:299  0:000  - [02]: Volume: PciRoot(0x0)\Pci(0x17,0x0)\Sata(0x0,0xFFFF,0x0)\HD(2,GPT,0C9F0CC1-3265-4659-BBF2-D1E9207A6737,0x82800,0x8000)
1:300  0:000  - [03]: Volume: PciRoot(0x0)\Pci(0x17,0x0)\Sata(0x0,0xFFFF,0x0)\HD(3,GPT,F1482D64-CC1B-4927-BD9E-92DBC0DC2FBA,0x8A800,0x766D849)
1:300  0:000          Result of bootcode detection: bootable Windows (vista,win)
1:300  0:000  - [04]: Volume: PciRoot(0x0)\Pci(0x17,0x0)\Sata(0x0,0xFFFF,0x0)\HD(4,GPT,D8A314BB-FF1E-43BB-B09B-70FE63099FF7,0x76F8800,0x191000)
1:301  0:000          Result of bootcode detection: bootable Windows (vista,win)
1:301  0:000  - [05]: Volume: PciRoot(0x0)\Pci(0x17,0x0)\Sata(0x0,0xFFFF,0x0)\HD(5,GPT,A8D8EEAB-BECF-42B6-BAF2-06F5062E6ED6,0x788A800,0x12C00800)
1:302  0:000          Result of bootcode detection: bootable Windows (vista,win)
1:302  0:000  - [06]: Volume: PciRoot(0x0)\Pci(0x17,0x0)\Sata(0x0,0xFFFF,0x0)\HD(6,GPT,011EB4DA-1103-464B-A7D7-9152EAC86823,0x1A48B000,0x14D55000)
1:303  0:000          Result of bootcode detection: bootable Windows (vista,win)
1:303  0:000  - [07]: Volume: PciRoot(0x0)\Pci(0x17,0x0)\Sata(0x0,0xFFFF,0x0)\HD(7,GPT,5DFBFD82-5D72-485F-82AC-B3DFA66A11EE,0x2F1E0800,0xC800A88)
1:303  0:000          Result of bootcode detection: bootable unknown (legacy)
1:303  0:000  - [08]: Volume: PciRoot(0x0)\Pci(0x17,0x0)\Sata(0x0,0xFFFF,0x0)\HD(7,GPT,5DFBFD82-5D72-485F-82AC-B3DFA66A11EE,0x2F1E0800,0xC800A88)\VenMedia(BE74FCF7-0B7C-49F3-9147-01F4042E6842,BD0C18995581C2499CAC7EDFDA28EEDF)
1:303  0:000          hiding this volume
1:303  0:000  - [09]: Volume: PciRoot(0x0)\Pci(0x17,0x0)\Sata(0x0,0xFFFF,0x0)\HD(7,GPT,5DFBFD82-5D72-485F-82AC-B3DFA66A11EE,0x2F1E0800,0xC800A88)\VenMedia(BE74FCF7-0B7C-49F3-9147-01F4042E6842,E6B24CBB625E9A48BCF4EBB7A6F2B62F)
1:303  0:000  - [10]: Volume: PciRoot(0x0)\Pci(0x17,0x0)\Sata(0x0,0xFFFF,0x0)\HD(7,GPT,5DFBFD82-5D72-485F-82AC-B3DFA66A11EE,0x2F1E0800,0xC800A88)\VenMedia(BE74FCF7-0B7C-49F3-9147-01F4042E6842,2F4744FB9B2B5F45BE5DC09CCB59794C)
1:303  0:000  - [11]: Volume: PciRoot(0x0)\Pci(0x17,0x0)\Sata(0x0,0xFFFF,0x0)\HD(7,GPT,5DFBFD82-5D72-485F-82AC-B3DFA66A11EE,0x2F1E0800,0xC800A88)\VenMedia(BE74FCF7-0B7C-49F3-9147-01F4042E6842,AD005AD7F9AEAD408B86805B8AF02DD6)
1:303  0:000  === [ InitTheme ] =========================================
1:309  0:005  Using theme 'Mavs Style' (EFI\CLOVER\themes\Mavs Style)
1:309  0:000  OS main and drive as badge
1:322  0:012  Loading font from ThemeDir: Success
1:322  0:000  Chosen theme Mavs Style
1:322  0:000  found boot-args in NVRAM:, size=1
1:322  0:000  after NVRAM boot-args=abm_firstpolldelay=16000
1:322  0:000  === [ Dump SMC keys from NVRAM ] ==========================
1:322  0:000  found AppleSMC protocol
1:335  0:012  === [ AddCustomEntries ] ==================================
1:335  0:000  Custom entry 0 FullTitle:"Windows 10" Path:"\EFI\Microsoft\Boot\bootmgfw.efi" Options:"-s -h" Type:7 Flags:0x0 matching Volume:"B7DB7706-8002-46BF-B7EC-1FCBF0817517"
1:335  0:000      Checking volume "EFI" (PciRoot(0x0)\Pci(0x17,0x0)\Sata(0x0,0xFFFF,0x0)\HD(1,GPT,B7DB7706-8002-46BF-B7EC-1FCBF0817517,0x800,0x82000)) ... match!
1:340  0:004  Custom settings: <null string>.plist will  be applied
1:340  0:000      Checking volume "Win10" (PciRoot(0x0)\Pci(0x17,0x0)\Sata(0x0,0xFFFF,0x0)\HD(3,GPT,F1482D64-CC1B-4927-BD9E-92DBC0DC2FBA,0x8A800,0x766D849)) ... skipped
1:340  0:000      Checking volume "" (PciRoot(0x0)\Pci(0x17,0x0)\Sata(0x0,0xFFFF,0x0)\HD(4,GPT,D8A314BB-FF1E-43BB-B09B-70FE63099FF7,0x76F8800,0x191000)) ... skipped
1:340  0:000      Checking volume "Data" (PciRoot(0x0)\Pci(0x17,0x0)\Sata(0x0,0xFFFF,0x0)\HD(5,GPT,A8D8EEAB-BECF-42B6-BAF2-06F5062E6ED6,0x788A800,0x12C00800)) ... skipped
1:340  0:000      Checking volume "Movie" (PciRoot(0x0)\Pci(0x17,0x0)\Sata(0x0,0xFFFF,0x0)\HD(6,GPT,011EB4DA-1103-464B-A7D7-9152EAC86823,0x1A48B000,0x14D55000)) ... skipped
1:340  0:000      Checking volume "Preboot" (PciRoot(0x0)\Pci(0x17,0x0)\Sata(0x0,0xFFFF,0x0)\HD(7,GPT,5DFBFD82-5D72-485F-82AC-B3DFA66A11EE,0x2F1E0800,0xC800A88)\VenMedia(BE74FCF7-0B7C-49F3-9147-01F4042E6842,BD0C18995581C2499CAC7EDFDA28EEDF)) ... skipped because volume is hidden
1:340  0:000      Checking volume "macOS Mojave" (PciRoot(0x0)\Pci(0x17,0x0)\Sata(0x0,0xFFFF,0x0)\HD(7,GPT,5DFBFD82-5D72-485F-82AC-B3DFA66A11EE,0x2F1E0800,0xC800A88)\VenMedia(BE74FCF7-0B7C-49F3-9147-01F4042E6842,E6B24CBB625E9A48BCF4EBB7A6F2B62F)) ... skipped
1:340  0:000      Checking volume "Recovery" (PciRoot(0x0)\Pci(0x17,0x0)\Sata(0x0,0xFFFF,0x0)\HD(7,GPT,5DFBFD82-5D72-485F-82AC-B3DFA66A11EE,0x2F1E0800,0xC800A88)\VenMedia(BE74FCF7-0B7C-49F3-9147-01F4042E6842,2F4744FB9B2B5F45BE5DC09CCB59794C)) ... skipped
1:340  0:000      Checking volume "VM" (PciRoot(0x0)\Pci(0x17,0x0)\Sata(0x0,0xFFFF,0x0)\HD(7,GPT,5DFBFD82-5D72-485F-82AC-B3DFA66A11EE,0x2F1E0800,0xC800A88)\VenMedia(BE74FCF7-0B7C-49F3-9147-01F4042E6842,AD005AD7F9AEAD408B86805B8AF02DD6)) ... skipped
1:340  0:000  Custom entry 1 FullTitle:"macOS Mojave" Path:"\System\Library\CoreServices\boot.efi" Type:1 Flags:0x2 matching Volume:"5DFBFD82-5D72-485F-82AC-B3DFA66A11EE"
1:340  0:000      Checking volume "EFI" (PciRoot(0x0)\Pci(0x17,0x0)\Sata(0x0,0xFFFF,0x0)\HD(1,GPT,B7DB7706-8002-46BF-B7EC-1FCBF0817517,0x800,0x82000)) ... skipped
1:340  0:000      Checking volume "Win10" (PciRoot(0x0)\Pci(0x17,0x0)\Sata(0x0,0xFFFF,0x0)\HD(3,GPT,F1482D64-CC1B-4927-BD9E-92DBC0DC2FBA,0x8A800,0x766D849)) ... skipped
1:340  0:000      Checking volume "" (PciRoot(0x0)\Pci(0x17,0x0)\Sata(0x0,0xFFFF,0x0)\HD(4,GPT,D8A314BB-FF1E-43BB-B09B-70FE63099FF7,0x76F8800,0x191000)) ... skipped
1:340  0:000      Checking volume "Data" (PciRoot(0x0)\Pci(0x17,0x0)\Sata(0x0,0xFFFF,0x0)\HD(5,GPT,A8D8EEAB-BECF-42B6-BAF2-06F5062E6ED6,0x788A800,0x12C00800)) ... skipped
1:340  0:000      Checking volume "Movie" (PciRoot(0x0)\Pci(0x17,0x0)\Sata(0x0,0xFFFF,0x0)\HD(6,GPT,011EB4DA-1103-464B-A7D7-9152EAC86823,0x1A48B000,0x14D55000)) ... skipped
1:340  0:000      Checking volume "Preboot" (PciRoot(0x0)\Pci(0x17,0x0)\Sata(0x0,0xFFFF,0x0)\HD(7,GPT,5DFBFD82-5D72-485F-82AC-B3DFA66A11EE,0x2F1E0800,0xC800A88)\VenMedia(BE74FCF7-0B7C-49F3-9147-01F4042E6842,BD0C18995581C2499CAC7EDFDA28EEDF)) ... skipped because volume is hidden
1:340  0:000      Checking volume "macOS Mojave" (PciRoot(0x0)\Pci(0x17,0x0)\Sata(0x0,0xFFFF,0x0)\HD(7,GPT,5DFBFD82-5D72-485F-82AC-B3DFA66A11EE,0x2F1E0800,0xC800A88)\VenMedia(BE74FCF7-0B7C-49F3-9147-01F4042E6842,E6B24CBB625E9A48BCF4EBB7A6F2B62F)) ... match!
1:399  0:059      hibernated: set as never
1:401  0:001          [!] Icon 18 (icons\vol_internal_apfs.icns) not found (path: EFI\CLOVER\themes\Mavs Style)
1:401  0:000  Custom settings: <null string>.plist will  be applied
1:402  0:000      Checking volume "Recovery" (PciRoot(0x0)\Pci(0x17,0x0)\Sata(0x0,0xFFFF,0x0)\HD(7,GPT,5DFBFD82-5D72-485F-82AC-B3DFA66A11EE,0x2F1E0800,0xC800A88)\VenMedia(BE74FCF7-0B7C-49F3-9147-01F4042E6842,2F4744FB9B2B5F45BE5DC09CCB59794C)) ... skipped because path does not exist
1:402  0:000      Checking volume "VM" (PciRoot(0x0)\Pci(0x17,0x0)\Sata(0x0,0xFFFF,0x0)\HD(7,GPT,5DFBFD82-5D72-485F-82AC-B3DFA66A11EE,0x2F1E0800,0xC800A88)\VenMedia(BE74FCF7-0B7C-49F3-9147-01F4042E6842,AD005AD7F9AEAD408B86805B8AF02DD6)) ... skipped because path does not exist
1:402  0:000  === [ ScanLoader ] ========================================
1:402  0:000  - [01]: 'EFI'
1:405  0:002          AddLoaderEntry for Volume Name=EFI
1:405  0:000       skipped because path `PciRoot(0x0)\Pci(0x17,0x0)\Sata(0x0,0xFFFF,0x0)\HD(1,GPT,B7DB7706-8002-46BF-B7EC-1FCBF0817517,0x800,0x82000)\EFI\microsoft\Boot\bootmgfw.efii` already exists for another entry!
1:406  0:000          AddLoaderEntry for Volume Name=EFI
1:406  0:000          skipped because entry is hidden
1:406  0:000  - [03]: 'Win10'
1:418  0:012  - [04]: ''
1:430  0:012  - [05]: 'Data'
1:455  0:025  - [06]: 'Movie'
1:479  0:024  - [08]: 'Preboot', hidden
1:479  0:000  - [09]: 'macOS Mojave'
1:551  0:071          AddLoaderEntry for Volume Name=macOS Mojave
1:551  0:000       skipped because path `PciRoot(0x0)\Pci(0x17,0x0)\Sata(0x0,0xFFFF,0x0)\HD(7,GPT,5DFBFD82-5D72-485F-82AC-B3DFA66A11EE,0x2F1E0800,0xC800A88)\VenMedia(BE74FCF7-0B7C-49F3-9147-01F4042E6842,E6B24CBB625E9A48BCF4EBB7A6F2B62F)\System\Library\CoreServices\boot.efii` already exists for another entry!
1:559  0:008  - [10]: 'Recovery'
1:567  0:007          AddLoaderEntry for Volume Name=Recovery
1:579  0:011  - [11]: 'VM'
1:579  0:000  === [ AddCustomTool ] =====================================
1:580  0:001  found tool \EFI\CLOVER\tools\Shell64U.efi
1:580  0:000  Checking EFI partition Volume 1 for Clover
1:580  0:000   Found Clover
1:582  0:002  === [ GetEfiBootDeviceFromNvram ] =========================
1:582  0:000   - found entry 1. 'macOS Mojave', Volume 'macOS Mojave', DevicePath 'PciRoot(0x0)\Pci(0x17,0x0)\Sata(0x0,0xFFFF,0x0)\HD(7,GPT,5DFBFD82-5D72-485F-82AC-B3DFA66A11EE,0x2F1E0800,0xC800A88)\VenMedia(BE74FCF7-0B7C-49F3-9147-01F4042E6842,E6B24CBB625E9A48BCF4EBB7A6F2B62F)\System\Library\CoreServices\boot.efii'
1:582  0:000  DefaultIndex=1 and MainMenu.EntryCount=9
2:467  0:884  GUI ready
8:570  6:102  ParseBootOption: invalid boot variable
8:570  0:000  BootVariable of the entry is empty
8:570  0:000  === [ StartLoader ] =======================================
8:570  0:000  Finally: ExternalClock=26MHz BusSpeed=100015kHz CPUFreq=2400MHz PIS: hw.busfrequency=104000000Hz
8:570  0:000  Loading boot.efi  status=Success
8:621  0:051  GetOSVersion: 10.14 (18A391)
8:621  0:000  CSR_CFG: CSR_ALLOW_UNTRUSTED_KEXTS | CSR_ALLOW_UNRESTRICTED_FS | CSR_ALLOW_TASK_FOR_PID | CSR_ALLOW_UNRESTRICTED_DTRACE | CSR_ALLOW_UNRESTRICTED_NVRAM
8:621  0:000  Filtering KextPatches:
8:621  0:000   - [00]: com.apple.driver.AppleIntelLpssI2C (Prevent Apple I2C kexts from attaching to I2C controllers, credit CoolStar) :: PlistPatch :: [OS: 10.14 | MatchOS: All | MatchBuild: All] ==> allowed
8:621  0:000   - [01]: com.apple.driver.AppleIntelLpssI2CController (Prevent Apple I2C kexts from attaching to I2C controllers, credit CoolStar) :: PlistPatch :: [OS: 10.14 | MatchOS: All | MatchBuild: All] ==> allowed
8:621  0:000  Filtering KernelPatches:
8:621  0:000   - [00]: MSR 0xE2 _xcpm_idle instant reboot(c) Pike R. Alpha :: [OS: 10.14 | MatchOS: 10.12 | MatchBuild: no] ==> not allowed by OS
8:621  0:000  Will not patch boot.efi
8:621  0:000  === [ PatchSmbios ] =======================================
8:621  0:000  insert table 9 for dev 0:0
8:622  0:000  Trusting SMBIOS...
8:622  0:000  Detected alternating SMBIOS channel banks
8:622  0:000  Channels: 2
8:622  0:000  Interleave: 0 2 1 3 4 6 5 7 8 10 9 11 12 14 13 15 16 18 17 19 20 22 21 23
8:622  0:000   partNum unknown
8:622  0:000  SMBIOS Type 17 Index = 0 => 0 0:
8:622  0:000  BANK 0 DIMM0 1600MHz 4096MB
8:622  0:000   partNum unknown
8:622  0:000  SMBIOS Type 17 Index = 1 => 1 2:
8:622  0:000  BANK 1 DIMM0 1600MHz 4096MB
8:622  0:000  mTotalSystemMemory = 8192
8:622  0:000  NumberOfMemoryDevices = 2
8:622  0:000  Type20[0]->End = 0x3FFFFF, Type17[0] = 0x1000
8:622  0:000  Type20[1]->End = 0x7FFFFF, Type17[1] = 0x3000
8:622  0:000  Table 131 is present, CPUType=31
8:622  0:000  Change to: 605
8:622  0:000  === [ PatchACPI ] =========================================
8:622  0:000  Xsdt reallocation done
8:622  0:000  old FADT length=10C
8:622  0:000   SignatureFixup: 0xC5038774 -> 0x0
8:623  0:001  Apply DsdtFixMask=0x00200004
8:623  0:000     drop _DSM mask=0x0000
8:623  0:000  === [ FixBiosDsdt ] =======================================
8:623  0:000  VideoCard devID=0x19168086
8:623  0:000  DisplayADR1[0] = 0x20000, DisplayADR2[0] = 0xFFFE
8:623  0:000  USBADR[0] = 0x140000 and PCIe = 0xFFFE
8:624  0:000  Patching DSDT:
8:624  0:000   - [change _DSM to XDSM]: pattern 5F44534D, patched at: [ (2C51) (302) (368) (368) (368) (368) (368) (368) (368) (368) (368) (368) (3D5) (368) (368) (368) (368) (368) (368) (368) (368) (1C98) (97) (52) (DC7) (4FB) (468) (11) (51) (22) (21) (15) (14) (1E) (1423) (F1) (F1) (F1) (F1) (F1) (DA) (DA) (E8) (131) (131) (2C0) (4A4) (1033) (14A) (B8) (2F) (4C) (1461) (19F8) (5D4) (5D4) (5D4) (5ED) (5D4) (5D4) (5D4) (5ED) (5D4) (5D4) (5D4) (5D4) (5D4) (5D4) (5D4) (5D4) (5D4) (5D4) (5D4) (26B4) (1549) (9926) ]
8:624  0:000   - [change HECI to IMEI]: pattern 48454349, patched at: [ (DE65) ]
8:624  0:000   - [change _OSI to XOSI, optionally pair with SSDT-XOSI.aml]: pattern 5F4F5349, patched at: [ (783D) (7350) (3) (11) (18) (1C) (1C) (1A) (18) (18) (18) (18) ]
8:624  0:000   - [change GFX0 to IGPU, optionally pair with SSDT-IGPU.aml]: pattern 47465830, patched at: [ (2C3A) (E044) (14) (75E0) (1666) (3DF3) (10) (1B) (10) (1A) (F) (1D) (10) (13A9) (1696) (13A) (2A68) (122F) (48A) (9) (8) (49) (D) (10) (BD) (D) (10) (697) (63A) (81) (9) ]
8:624  0:000   - [change HDAS to HDEF, optionally pair with SSDT-HDEF.aml]: pattern 48444153, patched at: [ (8B3C) (18AD) (86) (D) (A1) (6A) ]
8:625  0:000   - [change SAT0 to SATA, optionally pair with SSDT-SATA.aml]: pattern 53415430, patched at: [ (A683) (30) (DBFB) (164D) (4EB) (29) (2E) (2E) (2E) ]
8:625  0:000   - [change Method(GPRW,2,N) to XPRW, pair with SSDT-PRW.aml]: pattern 47505257, patched at: [ (F0C3) ]
8:625  0:000   - [Battery: change Method(_BIX,0,N) to XBIX]: pattern 5F424958, patched at: [ (1FAA1) ]
8:625  0:000   - [Battery: change Method(BIFA,0,N) to XIFA]: pattern 42494641, patched at: [ (1FFAF) ]
8:625  0:000   - [Battery: change Method(SMBR,3,N) to XMBR]: pattern 534D4252, patched at: [ (230EA) ]
8:625  0:000   - [Battery: change Method(ECSB,7,N) to XCSB]: pattern 144F1A45, patched at: [ (234E1) ]
8:625  0:000   - [Battery: change Method(SMBW,5,N) to XMBW]: pattern 534D4257, patched at: [ (23226) ]
8:626  0:000   - [Battery: change ECOR to XCOR]: pattern 45434F52, patched at: [ (1CC17) (8) ]
8:626  0:000   - [Battery: change SMBX to XMBX]: pattern 534D4258, patched at: [ (1CD14) (9) (A4) (10) ]
8:626  0:000   - [ELAN:change Method(_STA,0,NS) to XSTA]: pattern 141D5F53, patched at: [ (B59D) (41A) ]
8:626  0:000   - [ELAN:change Method(_CRS,0,S) to XCRS]: pattern 1441045F, patched at: [ (251EF) ]
8:626  0:000   - [ATK: change Method(_Q0A,0,NS) to XQ0A]: pattern 5F513041, patched at: [ (240B9) ]
8:626  0:000   - [ATK: change Method(_Q0B,0,NS) to XQ0B]: pattern 5F513042, patched at: [ (240C8) ]
8:627  0:000   - [ATK: change Method(_Q0E,0,NS) to XQ0E]: pattern 5F513045, patched at: [ (24477) ]
8:627  0:000   - [ATK: change Method(_Q0F,0,NS) to XQ0F]: pattern 5F513046, patched at: [ (2455D) ]
8:627  0:000   - [ATK: change Method(_QCD,0,NS) to XQCD]: pattern 5F514344, patched at: [ (24C26) ]
8:627  0:000   - [ATK: change Method(_Q11,0,NS) to XQ11]: pattern 5F513131, patched at: [ (24698) ]
8:627  0:000   - [ATK: change Method(_Q76,0,NS) to XQ76]: pattern 5F513736, patched at: [ (249AA) ]
8:627  0:000   - [ALS: change Method(RALS,0,S) to XALS]: pattern 52414C53, patched at: [ (2375C) ]
8:628  0:000    0 replacements
8:628  0:000  first CPU found at 7536 offset 7539
8:628  0:000  score candidate at 7532
8:628  0:000  score inserted in acpi_cpu_score _PR_
8:628  0:000  Found ACPI CPU: CPU0 | CPU1 | CPU2 | CPU3 | CPU4 | CPU5 | CPU6 | CPU7 , within the score: _PR_
8:628  0:000  Start _WAK Return Fix
8:628  0:000  _WAK Method find return data, don't need to patch.
8:628  0:000  return len=26489
8:628  0:000  Start SHUTDOWN Fix len=26489
8:629  0:000  PreCleanup XSDT: count=18, length=180
8:629  0:000  PreCleanup XSDT, corrected XSDT: count=18, length=180
8:629  0:000  === [ ACPIDropTables ] ====================================
8:629  0:000  0. [change _DSM to XDSM]: pattern 5F44534D, bin not found / already patched!
8:629  0:000  1. [change HECI to IMEI]: pattern 48454349, bin not found / already patched!
8:629  0:000  2. [change _OSI to XOSI, optionally pair with SSDT-XOSI.aml]: pattern 5F4F5349, bin not found / already patched!
8:629  0:000  3. [change GFX0 to IGPU, optionally pair with SSDT-IGPU.aml]: pattern 47465830, bin not found / already patched!
8:629  0:000  4. [change HDAS to HDEF, optionally pair with SSDT-HDEF.aml]: pattern 48444153, bin not found / already patched!
8:629  0:000  5. [change SAT0 to SATA, optionally pair with SSDT-SATA.aml]: pattern 53415430, patched at: [ (B5) ]
8:629  0:000  6. [change Method(GPRW,2,N) to XPRW, pair with SSDT-PRW.aml]: pattern 47505257, bin not found / already patched!
8:629  0:000  7. [Battery: change Method(_BIX,0,N) to XBIX]: pattern 5F424958, bin not found / already patched!
8:629  0:000  8. [Battery: change Method(BIFA,0,N) to XIFA]: pattern 42494641, bin not found / already patched!
8:629  0:000  9. [Battery: change Method(SMBR,3,N) to XMBR]: pattern 534D4252, bin not found / already patched!
8:629  0:000  10. [Battery: change Method(ECSB,7,N) to XCSB]: pattern 144F1A45, bin not found / already patched!
8:629  0:000  11. [Battery: change Method(SMBW,5,N) to XMBW]: pattern 534D4257, bin not found / already patched!
8:629  0:000  12. [Battery: change ECOR to XCOR]: pattern 45434F52, bin not found / already patched!
8:629  0:000  13. [Battery: change SMBX to XMBX]: pattern 534D4258, bin not found / already patched!
8:629  0:000  14. [ELAN:change Method(_STA,0,NS) to XSTA]: pattern 141D5F53, bin not found / already patched!
8:629  0:000  15. [ELAN:change Method(_CRS,0,S) to XCRS]: pattern 1441045F, bin not found / already patched!
8:629  0:000  16. [ATK: change Method(_Q0A,0,NS) to XQ0A]: pattern 5F513041, bin not found / already patched!
8:629  0:000  17. [ATK: change Method(_Q0B,0,NS) to XQ0B]: pattern 5F513042, bin not found / already patched!
8:629  0:000  18. [ATK: change Method(_Q0E,0,NS) to XQ0E]: pattern 5F513045, bin not found / already patched!
8:629  0:000  19. [ATK: change Method(_Q0F,0,NS) to XQ0F]: pattern 5F513046, bin not found / already patched!
8:629  0:000  20. [ATK: change Method(_QCD,0,NS) to XQCD]: pattern 5F514344, bin not found / already patched!
8:629  0:000  21. [ATK: change Method(_Q11,0,NS) to XQ11]: pattern 5F513131, bin not found / already patched!
8:629  0:000  22. [ATK: change Method(_Q76,0,NS) to XQ76]: pattern 5F513736, bin not found / already patched!
8:629  0:000  23. [ALS: change Method(RALS,0,S) to XALS]: pattern 52414C53, bin not found / already patched!
8:629  0:000    0 replacements
8:629  0:000  0. [change _DSM to XDSM]: pattern 5F44534D, patched at: [ (51) ]
8:629  0:000  1. [change HECI to IMEI]: pattern 48454349, bin not found / already patched!
8:629  0:000  2. [change _OSI to XOSI, optionally pair with SSDT-XOSI.aml]: pattern 5F4F5349, bin not found / already patched!
8:629  0:000  3. [change GFX0 to IGPU, optionally pair with SSDT-IGPU.aml]: pattern 47465830, bin not found / already patched!
8:629  0:000  4. [change HDAS to HDEF, optionally pair with SSDT-HDEF.aml]: pattern 48444153, bin not found / already patched!
8:629  0:000  5. [change SAT0 to SATA, optionally pair with SSDT-SATA.aml]: pattern 53415430, bin not found / already patched!
8:629  0:000  6. [change Method(GPRW,2,N) to XPRW, pair with SSDT-PRW.aml]: pattern 47505257, bin not found / already patched!
8:629  0:000  7. [Battery: change Method(_BIX,0,N) to XBIX]: pattern 5F424958, bin not found / already patched!
8:629  0:000  8. [Battery: change Method(BIFA,0,N) to XIFA]: pattern 42494641, bin not found / already patched!
8:629  0:000  9. [Battery: change Method(SMBR,3,N) to XMBR]: pattern 534D4252, bin not found / already patched!
8:629  0:000  10. [Battery: change Method(ECSB,7,N) to XCSB]: pattern 144F1A45, bin not found / already patched!
8:629  0:000  11. [Battery: change Method(SMBW,5,N) to XMBW]: pattern 534D4257, bin not found / already patched!
8:629  0:000  12. [Battery: change ECOR to XCOR]: pattern 45434F52, bin not found / already patched!
8:629  0:000  13. [Battery: change SMBX to XMBX]: pattern 534D4258, bin not found / already patched!
8:629  0:000  14. [ELAN:change Method(_STA,0,NS) to XSTA]: pattern 141D5F53, bin not found / already patched!
8:629  0:000  15. [ELAN:change Method(_CRS,0,S) to XCRS]: pattern 1441045F, bin not found / already patched!
8:629  0:000  16. [ATK: change Method(_Q0A,0,NS) to XQ0A]: pattern 5F513041, bin not found / already patched!
8:629  0:000  17. [ATK: change Method(_Q0B,0,NS) to XQ0B]: pattern 5F513042, bin not found / already patched!
8:629  0:000  18. [ATK: change Method(_Q0E,0,NS) to XQ0E]: pattern 5F513045, bin not found / already patched!
8:629  0:000  19. [ATK: change Method(_Q0F,0,NS) to XQ0F]: pattern 5F513046, bin not found / already patched!
8:629  0:000  20. [ATK: change Method(_QCD,0,NS) to XQCD]: pattern 5F514344, bin not found / already patched!
8:629  0:000  21. [ATK: change Method(_Q11,0,NS) to XQ11]: pattern 5F513131, bin not found / already patched!
8:629  0:000  22. [ATK: change Method(_Q76,0,NS) to XQ76]: pattern 5F513736, bin not found / already patched!
8:629  0:000  23. [ALS: change Method(RALS,0,S) to XALS]: pattern 52414C53, bin not found / already patched!
8:629  0:000    0 replacements
8:629  0:000  0. [change _DSM to XDSM]: pattern 5F44534D, bin not found / already patched!
8:629  0:000  1. [change HECI to IMEI]: pattern 48454349, bin not found / already patched!
8:629  0:000  2. [change _OSI to XOSI, optionally pair with SSDT-XOSI.aml]: pattern 5F4F5349, bin not found / already patched!
8:629  0:000  3. [change GFX0 to IGPU, optionally pair with SSDT-IGPU.aml]: pattern 47465830, patched at: [ (2D4B) (15) (25) (14) (1F) (15) (22) (15) ]
8:629  0:000  4. [change HDAS to HDEF, optionally pair with SSDT-HDEF.aml]: pattern 48444153, bin not found / already patched!
8:629  0:000  5. [change SAT0 to SATA, optionally pair with SSDT-SATA.aml]: pattern 53415430, bin not found / already patched!
8:629  0:000  6. [change Method(GPRW,2,N) to XPRW, pair with SSDT-PRW.aml]: pattern 47505257, bin not found / already patched!
8:629  0:000  7. [Battery: change Method(_BIX,0,N) to XBIX]: pattern 5F424958, bin not found / already patched!
8:629  0:000  8. [Battery: change Method(BIFA,0,N) to XIFA]: pattern 42494641, bin not found / already patched!
8:629  0:000  9. [Battery: change Method(SMBR,3,N) to XMBR]: pattern 534D4252, bin not found / already patched!
8:629  0:000  10. [Battery: change Method(ECSB,7,N) to XCSB]: pattern 144F1A45, bin not found / already patched!
8:629  0:000  11. [Battery: change Method(SMBW,5,N) to XMBW]: pattern 534D4257, bin not found / already patched!
8:629  0:000  12. [Battery: change ECOR to XCOR]: pattern 45434F52, bin not found / already patched!
8:629  0:000  13. [Battery: change SMBX to XMBX]: pattern 534D4258, bin not found / already patched!
8:629  0:000  14. [ELAN:change Method(_STA,0,NS) to XSTA]: pattern 141D5F53, bin not found / already patched!
8:629  0:000  15. [ELAN:change Method(_CRS,0,S) to XCRS]: pattern 1441045F, bin not found / already patched!
8:629  0:000  16. [ATK: change Method(_Q0A,0,NS) to XQ0A]: pattern 5F513041, bin not found / already patched!
8:629  0:000  17. [ATK: change Method(_Q0B,0,NS) to XQ0B]: pattern 5F513042, bin not found / already patched!
8:629  0:000  18. [ATK: change Method(_Q0E,0,NS) to XQ0E]: pattern 5F513045, bin not found / already patched!
8:629  0:000  19. [ATK: change Method(_Q0F,0,NS) to XQ0F]: pattern 5F513046, bin not found / already patched!
8:629  0:000  20. [ATK: change Method(_QCD,0,NS) to XQCD]: pattern 5F514344, bin not found / already patched!
8:629  0:000  21. [ATK: change Method(_Q11,0,NS) to XQ11]: pattern 5F513131, bin not found / already patched!
8:629  0:000  22. [ATK: change Method(_Q76,0,NS) to XQ76]: pattern 5F513736, bin not found / already patched!
8:629  0:000  23. [ALS: change Method(RALS,0,S) to XALS]: pattern 52414C53, bin not found / already patched!
8:629  0:000    0 replacements
8:629  0:000  0. [change _DSM to XDSM]: pattern 5F44534D, patched at: [ (33DE) ]
8:629  0:000  1. [change HECI to IMEI]: pattern 48454349, bin not found / already patched!
8:629  0:000  2. [change _OSI to XOSI, optionally pair with SSDT-XOSI.aml]: pattern 5F4F5349, bin not found / already patched!
8:629  0:000  3. [change GFX0 to IGPU, optionally pair with SSDT-IGPU.aml]: pattern 47465830, patched at: [ (2BF) (1D41) (AD5) (1D) (27B) (1209) (12) (12) (57) (30) (84) ]
8:629  0:000  4. [change HDAS to HDEF, optionally pair with SSDT-HDEF.aml]: pattern 48444153, bin not found / already patched!
8:629  0:000  5. [change SAT0 to SATA, optionally pair with SSDT-SATA.aml]: pattern 53415430, bin not found / already patched!
8:629  0:000  6. [change Method(GPRW,2,N) to XPRW, pair with SSDT-PRW.aml]: pattern 47505257, bin not found / already patched!
8:629  0:000  7. [Battery: change Method(_BIX,0,N) to XBIX]: pattern 5F424958, bin not found / already patched!
8:629  0:000  8. [Battery: change Method(BIFA,0,N) to XIFA]: pattern 42494641, bin not found / already patched!
8:629  0:000  9. [Battery: change Method(SMBR,3,N) to XMBR]: pattern 534D4252, bin not found / already patched!
8:629  0:000  10. [Battery: change Method(ECSB,7,N) to XCSB]: pattern 144F1A45, bin not found / already patched!
8:630  0:000  11. [Battery: change Method(SMBW,5,N) to XMBW]: pattern 534D4257, bin not found / already patched!
8:630  0:000  12. [Battery: change ECOR to XCOR]: pattern 45434F52, bin not found / already patched!
8:630  0:000  13. [Battery: change SMBX to XMBX]: pattern 534D4258, bin not found / already patched!
8:630  0:000  14. [ELAN:change Method(_STA,0,NS) to XSTA]: pattern 141D5F53, bin not found / already patched!
8:630  0:000  15. [ELAN:change Method(_CRS,0,S) to XCRS]: pattern 1441045F, bin not found / already patched!
8:630  0:000  16. [ATK: change Method(_Q0A,0,NS) to XQ0A]: pattern 5F513041, bin not found / already patched!
8:630  0:000  17. [ATK: change Method(_Q0B,0,NS) to XQ0B]: pattern 5F513042, bin not found / already patched!
8:630  0:000  18. [ATK: change Method(_Q0E,0,NS) to XQ0E]: pattern 5F513045, bin not found / already patched!
8:630  0:000  19. [ATK: change Method(_Q0F,0,NS) to XQ0F]: pattern 5F513046, bin not found / already patched!
8:630  0:000  20. [ATK: change Method(_QCD,0,NS) to XQCD]: pattern 5F514344, bin not found / already patched!
8:630  0:000  21. [ATK: change Method(_Q11,0,NS) to XQ11]: pattern 5F513131, bin not found / already patched!
8:630  0:000  22. [ATK: change Method(_Q76,0,NS) to XQ76]: pattern 5F513736, bin not found / already patched!
8:630  0:000  23. [ALS: change Method(RALS,0,S) to XALS]: pattern 52414C53, bin not found / already patched!
8:630  0:000    0 replacements
8:630  0:000  Found OperationRegion(SANV, SystemMemory, 7F099D98, ...)
8:630  0:000  0. [change _DSM to XDSM]: pattern 5F44534D, bin not found / already patched!
8:630  0:000  1. [change HECI to IMEI]: pattern 48454349, bin not found / already patched!
8:630  0:000  2. [change _OSI to XOSI, optionally pair with SSDT-XOSI.aml]: pattern 5F4F5349, bin not found / already patched!
8:630  0:000  3. [change GFX0 to IGPU, optionally pair with SSDT-IGPU.aml]: pattern 47465830, bin not found / already patched!
8:630  0:000  4. [change HDAS to HDEF, optionally pair with SSDT-HDEF.aml]: pattern 48444153, bin not found / already patched!
8:630  0:000  5. [change SAT0 to SATA, optionally pair with SSDT-SATA.aml]: pattern 53415430, bin not found / already patched!
8:630  0:000  6. [change Method(GPRW,2,N) to XPRW, pair with SSDT-PRW.aml]: pattern 47505257, bin not found / already patched!
8:630  0:000  7. [Battery: change Method(_BIX,0,N) to XBIX]: pattern 5F424958, bin not found / already patched!
8:630  0:000  8. [Battery: change Method(BIFA,0,N) to XIFA]: pattern 42494641, bin not found / already patched!
8:630  0:000  9. [Battery: change Method(SMBR,3,N) to XMBR]: pattern 534D4252, bin not found / already patched!
8:630  0:000  10. [Battery: change Method(ECSB,7,N) to XCSB]: pattern 144F1A45, bin not found / already patched!
8:630  0:000  11. [Battery: change Method(SMBW,5,N) to XMBW]: pattern 534D4257, bin not found / already patched!
8:630  0:000  12. [Battery: change ECOR to XCOR]: pattern 45434F52, bin not found / already patched!
8:630  0:000  13. [Battery: change SMBX to XMBX]: pattern 534D4258, bin not found / already patched!
8:630  0:000  14. [ELAN:change Method(_STA,0,NS) to XSTA]: pattern 141D5F53, bin not found / already patched!
8:630  0:000  15. [ELAN:change Method(_CRS,0,S) to XCRS]: pattern 1441045F, bin not found / already patched!
8:630  0:000  16. [ATK: change Method(_Q0A,0,NS) to XQ0A]: pattern 5F513041, bin not found / already patched!
8:630  0:000  17. [ATK: change Method(_Q0B,0,NS) to XQ0B]: pattern 5F513042, bin not found / already patched!
8:630  0:000  18. [ATK: change Method(_Q0E,0,NS) to XQ0E]: pattern 5F513045, bin not found / already patched!
8:630  0:000  19. [ATK: change Method(_Q0F,0,NS) to XQ0F]: pattern 5F513046, bin not found / already patched!
8:630  0:000  20. [ATK: change Method(_QCD,0,NS) to XQCD]: pattern 5F514344, bin not found / already patched!
8:630  0:000  21. [ATK: change Method(_Q11,0,NS) to XQ11]: pattern 5F513131, bin not found / already patched!
8:630  0:000  22. [ATK: change Method(_Q76,0,NS) to XQ76]: pattern 5F513736, bin not found / already patched!
8:630  0:000  23. [ALS: change Method(RALS,0,S) to XALS]: pattern 52414C53, bin not found / already patched!
8:630  0:000    0 replacements
8:630  0:000  Found OperationRegion(PNVS, SystemMemory, 7A61F000, ...)
8:630  0:000  === [ ACPIPatchedAML ] ====================================
8:630  0:000  Unsorted
8:630  0:000  Inserting SSDT-RALS.aml from EFI\CLOVER\ACPI\patched: size=373 ... Success
8:631  0:000  Inserting SSDT-ATK-KABY.aml from EFI\CLOVER\ACPI\patched: size=553 ... Success
8:631  0:000  Inserting SSDT-RMDT.aml from EFI\CLOVER\ACPI\patched: size=576 ... Success
8:632  0:000  Inserting SSDT-RMNE.aml from EFI\CLOVER\ACPI\patched: size=252 ... Success
8:632  0:000  Inserting SSDT-FAN-READ.aml from EFI\CLOVER\ACPI\patched: size=400 ... Success
8:633  0:000  Inserting SSDT-SATA.aml from EFI\CLOVER\ACPI\patched: size=296 ... Success
8:633  0:000  Inserting SSDT-XCPM.aml from EFI\CLOVER\ACPI\patched: size=80 ... Success
8:634  0:000  Inserting SSDT-IGPU.aml from EFI\CLOVER\ACPI\patched: size=5362 ... Success
8:634  0:000  Inserting SSDT-XHC.aml from EFI\CLOVER\ACPI\patched: size=363 ... Success
8:634  0:000  Inserting SSDT-BATT.aml from EFI\CLOVER\ACPI\patched: size=3087 ... Success
8:634  0:000  Inserting SSDT-RMCF.aml from EFI\CLOVER\ACPI\patched: size=904 ... Success
8:635  0:000  Inserting SSDT-PNLF.aml from EFI\CLOVER\ACPI\patched: size=1028 ... Success
8:635  0:000  Inserting SSDT-PRW.aml from EFI\CLOVER\ACPI\patched: size=127 ... Success
8:635  0:000  Inserting SSDT-ALS0.aml from EFI\CLOVER\ACPI\patched: size=152 ... Success
8:636  0:000  Inserting SSDT-ELAN.aml from EFI\CLOVER\ACPI\patched: size=237 ... Success
8:637  0:000  Inserting SSDT-ALSC.aml from EFI\CLOVER\ACPI\patched: size=146 ... Success
8:637  0:000  Inserting SSDT-XOSI.aml from EFI\CLOVER\ACPI\patched: size=206 ... Success
8:638  0:000  Inserting SSDT-HDEF.aml from EFI\CLOVER\ACPI\patched: size=227 ... Success
8:638  0:000  CPUBase=0 and ApicCPUBase=1 ApicCPUNum=1
8:638  0:000  Cleanup XSDT: count=36, length=324
8:638  0:000  corrected XSDT count=36, length=324
8:638  0:000  === [ RestSetup macOS ] ===================================
8:638  0:000  EdidDiscovered size=128
8:638  0:000  --- Discovered EDID Table size:128
8:638  0:000  000  |  00  FF  FF  FF  FF  FF  FF  00  06  AF
8:638  0:000  010  |  2D  27  00  00  00  00  10  19  01  04
8:638  0:000  020  |  95  1D  11  78  02  BC  05  A2  55  4C
8:638  0:000  030  |  9A  25  0E  50  54  00  00  00  01  01
8:638  0:000  040  |  01  01  01  01  01  01  01  01  01  01
8:638  0:000  050  |  01  01  01  01  14  37  80  B8  70  38
8:638  0:000  060  |  24  40  10  10  3E  00  25  A5  10  00
8:638  0:000  070  |  00  18  00  00  00  00  00  00  00  00
8:638  0:000  080  |  00  00  00  00  00  00  00  00  00  00
8:638  0:000  090  |  00  00  00  FE  00  41  55  4F  0A  20
8:638  0:000  100  |  20  20  20  20  20  20  20  20  00  00
8:638  0:000  110  |  00  FE  00  42  31  33  33  48  41  4E
8:638  0:000  120  |  30  32  2E  37  20  0A  00  82
8:638  0:000  add device: PciRoot(0x0)/Pci(0x2,0x0)
8:638  0:000     Add key=framebuffer-unifiedmem valuelen=4
8:638  0:000     Add key=framebuffer-stolenmem valuelen=4
8:638  0:000     Add key=framebuffer-portcount valuelen=4
8:638  0:000     Add key=framebuffer-patch-enable valuelen=4
8:638  0:000     Add key=framebuffer-fbmem valuelen=4
8:638  0:000     Add key=framebuffer-con2-index valuelen=4
8:638  0:000     Add key=framebuffer-con2-enable valuelen=4
8:638  0:000     Add key=framebuffer-con1-type valuelen=4
8:638  0:000     Add key=framebuffer-con1-enable valuelen=4
8:638  0:000     Add key=enable-hdmi20 valuelen=4
8:638  0:000     Add key=disable-external-gpu valuelen=4
8:638  0:000     Add key=device-id valuelen=4
8:638  0:000     Add key=AAPL,ig-platform-id valuelen=4
8:638  0:000  Intel GFX injection not set
8:639  0:000   RCBA disabled; cannot use it
8:639  0:000  stringlength = 2044
8:639  0:000  CurrentMode: Width=1920 Height=1080
8:639  0:000  Beginning FSInjection
FSInjectionInstall ...
- Our FSI_SIMPLE_FILE_SYSTEM_PROTOCOL installed on handle: 7B690098
FSInjectionInstall ...
- Our FSI_SIMPLE_FILE_SYSTEM_PROTOCOL installed on handle: 7B690098
8:648  0:008  Use origin smbios table type 1 guid.
8:650  0:002  Preparing kexts injection for arch=x86_64 from EFI\CLOVER\kexts\Other
8:650  0:000  Extra kext: EFI\CLOVER\kexts\Other\USBPorts.kext (v.1.0)
8:654  0:003  Extra kext: EFI\CLOVER\kexts\Other\VoodooI2CHID.kext (v.1)
8:669  0:014  Extra kext: EFI\CLOVER\kexts\Other\SMCProcessor.kext (v.1.0.0)
8:677  0:007  Extra kext: EFI\CLOVER\kexts\Other\AppleBacklightFixup.kext (v.1.0.1)
8:686  0:009  Extra kext: EFI\CLOVER\kexts\Other\WhateverGreen.kext (v.1.2.3)
8:696  0:010  Extra kext: EFI\CLOVER\kexts\Other\VirtualSMC.kext (v.1.0.0)
8:708  0:011  Extra kext: EFI\CLOVER\kexts\Other\VoodooI2C.kext (v.2.1.4)
8:724  0:015    |-- PlugIn kext: EFI\CLOVER\kexts\Other\VoodooI2C.kext\Contents\PlugIns\VoodooI2CServices.kext (v.1)
8:732  0:008    |-- PlugIn kext: EFI\CLOVER\kexts\Other\VoodooI2C.kext\Contents\PlugIns\VoodooGPIO.kext (v.1.1)
8:739  0:006  Extra kext: EFI\CLOVER\kexts\Other\CodecCommander.kext (v.2.7.1)
8:755  0:015  Extra kext: EFI\CLOVER\kexts\Other\SMCLightSensor.kext (v.1)
8:762  0:007  Extra kext: EFI\CLOVER\kexts\Other\NullEthernet.kext (v.1.0.6)
8:771  0:008  Extra kext: EFI\CLOVER\kexts\Other\VoodooPS2Controller.kext (v.1.9.2)
8:793  0:022    |-- PlugIn kext: EFI\CLOVER\kexts\Other\VoodooPS2Controller.kext\Contents\PlugIns\VoodooPS2Keyboard.kext (v.1.9.2)
8:818  0:024  Extra kext: EFI\CLOVER\kexts\Other\Lilu.kext (v.1.2.7)
8:829  0:011  Extra kext: EFI\CLOVER\kexts\Other\AsusSMC.kext (v.1.0.1)
8:838  0:009  Extra kext: EFI\CLOVER\kexts\Other\AppleALC.kext (v.1.3.2)
9:283  0:444  Extra kext: EFI\CLOVER\kexts\Other\ACPIBatteryManager.kext (v.1.90.1)
9:297  0:014  Preparing kexts injection for arch=x86_64 from EFI\CLOVER\kexts\10.14
9:301  0:004  SetScreenResolution: 1920x1080 - already set
9:301  0:000  Custom boot is disabled
9:304  0:002  Closing log
